<?xml version="1.0" encoding="UTF-8"?>
<!-- Generated by org.testng.reporters.JUnitReportReporter -->
<testsuite hostname="KevPC" failures="0" tests="7" name="com.skillstorm.inventorymanagement.services.ShirtServiceTest" time="0.047" errors="0" timestamp="2024-10-16T13:49:44 EDT" skipped="0">
  <testcase classname="com.skillstorm.inventorymanagement.services.ShirtServiceTest" name="testFindAllShirts" time="0.002"/>
  <testcase classname="com.skillstorm.inventorymanagement.services.ShirtServiceTest" name="testSaveShirtWithExistingWarehouse" time="0.034"/>
  <testcase classname="com.skillstorm.inventorymanagement.services.ShirtServiceTest" name="testAddShirtWithNewWarehouse" time="0.004"/>
  <testcase classname="com.skillstorm.inventorymanagement.services.ShirtServiceTest" name="testSaveShirtWithNewWarehouse" time="0.002"/>
  <testcase classname="com.skillstorm.inventorymanagement.services.ShirtServiceTest" name="testUpdateShirtsWarehouse" time="0.001"/>
  <testcase classname="com.skillstorm.inventorymanagement.services.ShirtServiceTest" name="testAddShirtWithExistingWarehouse" time="0.002"/>
  <testcase classname="com.skillstorm.inventorymanagement.services.ShirtServiceTest" name="testDeleteShirt" time="0.002"/>
</testsuite> <!-- com.skillstorm.inventorymanagement.services.ShirtServiceTest -->
