<?xml version="1.0" encoding="UTF-8"?>
<!-- Generated by org.testng.reporters.JUnitReportReporter -->
<testsuite hostname="KevPC" failures="0" tests="8" name="com.skillstorm.inventorymanagement.models.WarehouseTest" time="0.003" errors="0" timestamp="2024-10-15T17:02:45 EDT" skipped="0">
  <testcase classname="com.skillstorm.inventorymanagement.models.WarehouseTest" name="testShirts" time="0.000"/>
  <testcase classname="com.skillstorm.inventorymanagement.models.WarehouseTest" name="testCapacity" time="0.000"/>
  <testcase classname="com.skillstorm.inventorymanagement.models.WarehouseTest" name="testId" time="0.002"/>
  <testcase classname="com.skillstorm.inventorymanagement.models.WarehouseTest" name="testToString" time="0.000"/>
  <testcase classname="com.skillstorm.inventorymanagement.models.WarehouseTest" name="testWarehouseName" time="0.000"/>
  <testcase classname="com.skillstorm.inventorymanagement.models.WarehouseTest" name="testCity" time="0.000"/>
  <testcase classname="com.skillstorm.inventorymanagement.models.WarehouseTest" name="testEquals" time="0.001"/>
  <testcase classname="com.skillstorm.inventorymanagement.models.WarehouseTest" name="testHashCode" time="0.000"/>
</testsuite> <!-- com.skillstorm.inventorymanagement.models.WarehouseTest -->
