<?xml version="1.0" encoding="UTF-8"?>
<!-- Generated by org.testng.reporters.JUnitReportReporter -->
<testsuite hostname="KevPC" failures="0" tests="5" name="com.skillstorm.inventorymanagement.controllers.ShirtControllerTest" time="0.023" errors="0" timestamp="2024-10-16T13:49:44 EDT" skipped="0">
  <testcase classname="com.skillstorm.inventorymanagement.controllers.ShirtControllerTest" name="testDeleteShirt" time="0.000"/>
  <testcase classname="com.skillstorm.inventorymanagement.controllers.ShirtControllerTest" name="testAddShirt" time="0.003"/>
  <testcase classname="com.skillstorm.inventorymanagement.controllers.ShirtControllerTest" name="testCreateShirt" time="0.002"/>
  <testcase classname="com.skillstorm.inventorymanagement.controllers.ShirtControllerTest" name="testFindAllShirts" time="0.001"/>
  <testcase classname="com.skillstorm.inventorymanagement.controllers.ShirtControllerTest" name="testUpdateShirt" time="0.017"/>
</testsuite> <!-- com.skillstorm.inventorymanagement.controllers.ShirtControllerTest -->
