<?xml version="1.0" encoding="UTF-8"?>
<!-- Generated by org.testng.reporters.JUnitReportReporter -->
<testsuite hostname="KevPC" failures="0" tests="7" name="com.skillstorm.inventorymanagement.models.ShirtTest" time="0.031" errors="0" timestamp="2024-10-15T17:02:45 EDT" skipped="0">
  <testcase classname="com.skillstorm.inventorymanagement.models.ShirtTest" name="testEquals" time="0.000"/>
  <testcase classname="com.skillstorm.inventorymanagement.models.ShirtTest" name="testWarehouse" time="0.001"/>
  <testcase classname="com.skillstorm.inventorymanagement.models.ShirtTest" name="testId" time="0.016"/>
  <testcase classname="com.skillstorm.inventorymanagement.models.ShirtTest" name="testToString" time="0.006"/>
  <testcase classname="com.skillstorm.inventorymanagement.models.ShirtTest" name="testSize" time="0.000"/>
  <testcase classname="com.skillstorm.inventorymanagement.models.ShirtTest" name="testHashCode" time="0.001"/>
  <testcase classname="com.skillstorm.inventorymanagement.models.ShirtTest" name="testAnimal" time="0.007"/>
</testsuite> <!-- com.skillstorm.inventorymanagement.models.ShirtTest -->
