<?xml version="1.0" encoding="UTF-8"?>
<!-- Generated by org.testng.reporters.JUnitReportReporter -->
<testsuite hostname="KevPC" failures="0" tests="5" name="com.skillstorm.inventorymanagement.controllers.WarehouseControllerTest" time="0.061" errors="0" timestamp="2024-10-16T13:49:44 EDT" skipped="0">
  <testcase classname="com.skillstorm.inventorymanagement.controllers.WarehouseControllerTest" name="testFindAllWarehouses" time="0.002"/>
  <testcase classname="com.skillstorm.inventorymanagement.controllers.WarehouseControllerTest" name="testDeleteWarehouseFailure" time="0.005"/>
  <testcase classname="com.skillstorm.inventorymanagement.controllers.WarehouseControllerTest" name="testDeleteWarehouseSuccess" time="0.001"/>
  <testcase classname="com.skillstorm.inventorymanagement.controllers.WarehouseControllerTest" name="testCreateWarehouse" time="0.051"/>
  <testcase classname="com.skillstorm.inventorymanagement.controllers.WarehouseControllerTest" name="testUpdateWarehouse" time="0.002"/>
</testsuite> <!-- com.skillstorm.inventorymanagement.controllers.WarehouseControllerTest -->
