<?xml version="1.0" encoding="UTF-8"?>
<!-- Generated by org.testng.reporters.JUnitReportReporter -->
<testsuite hostname="KevPC" failures="0" tests="4" name="com.skillstorm.inventorymanagement.services.WarehouseServiceTest" time="0.972" errors="0" timestamp="2024-10-16T13:49:44 EDT" skipped="0">
  <testcase classname="com.skillstorm.inventorymanagement.services.WarehouseServiceTest" name="testFindAllWarehouses" time="0.918"/>
  <testcase classname="com.skillstorm.inventorymanagement.services.WarehouseServiceTest" name="testDeleteWarehouse" time="0.041"/>
  <testcase classname="com.skillstorm.inventorymanagement.services.WarehouseServiceTest" name="testDeleteWarehouseAndAssociatedShirts" time="0.010"/>
  <testcase classname="com.skillstorm.inventorymanagement.services.WarehouseServiceTest" name="testSaveWarehouse" time="0.003"/>
</testsuite> <!-- com.skillstorm.inventorymanagement.services.WarehouseServiceTest -->
