<?xml version="1.0" encoding="UTF-8"?>
<!-- Generated by org.testng.reporters.JUnitReportReporter -->
<testsuite hostname="KevPC" failures="0" tests="13" name="com.skillstorm.inventorymanagement.models.WarehouseTest" time="0.004" errors="0" timestamp="2024-10-16T13:49:44 EDT" skipped="0">
  <testcase classname="com.skillstorm.inventorymanagement.models.WarehouseTest" name="testEquals" time="0.000"/>
  <testcase classname="com.skillstorm.inventorymanagement.models.WarehouseTest" name="testHashCodeWithNullValues" time="0.000"/>
  <testcase classname="com.skillstorm.inventorymanagement.models.WarehouseTest" name="testCapacity" time="0.000"/>
  <testcase classname="com.skillstorm.inventorymanagement.models.WarehouseTest" name="testConstructorWithNameCityCapacityAndShirts" time="0.000"/>
  <testcase classname="com.skillstorm.inventorymanagement.models.WarehouseTest" name="testShirts" time="0.001"/>
  <testcase classname="com.skillstorm.inventorymanagement.models.WarehouseTest" name="testId" time="0.000"/>
  <testcase classname="com.skillstorm.inventorymanagement.models.WarehouseTest" name="testDefaultConstructor" time="0.000"/>
  <testcase classname="com.skillstorm.inventorymanagement.models.WarehouseTest" name="testConstructorWithoutShirts" time="0.001"/>
  <testcase classname="com.skillstorm.inventorymanagement.models.WarehouseTest" name="testCity" time="0.000"/>
  <testcase classname="com.skillstorm.inventorymanagement.models.WarehouseTest" name="testToString" time="0.001"/>
  <testcase classname="com.skillstorm.inventorymanagement.models.WarehouseTest" name="testHashCode" time="0.001"/>
  <testcase classname="com.skillstorm.inventorymanagement.models.WarehouseTest" name="testWarehouseName" time="0.000"/>
  <testcase classname="com.skillstorm.inventorymanagement.models.WarehouseTest" name="testEqualsWithNullFields" time="0.000"/>
</testsuite> <!-- com.skillstorm.inventorymanagement.models.WarehouseTest -->
