<?xml version="1.0" encoding="UTF-8"?>
<!-- Generated by org.testng.reporters.JUnitReportReporter -->
<testsuite hostname="KevPC" failures="0" tests="18" name="com.skillstorm.inventorymanagement.models.ShirtTest" time="0.016" errors="0" timestamp="2024-10-16T13:49:44 EDT" skipped="0">
  <testcase classname="com.skillstorm.inventorymanagement.models.ShirtTest" name="testEqualsDifferentId" time="0.002"/>
  <testcase classname="com.skillstorm.inventorymanagement.models.ShirtTest" name="testEqualsSameValues" time="0.001"/>
  <testcase classname="com.skillstorm.inventorymanagement.models.ShirtTest" name="testAnimal" time="0.002"/>
  <testcase classname="com.skillstorm.inventorymanagement.models.ShirtTest" name="testWarehouse" time="0.001"/>
  <testcase classname="com.skillstorm.inventorymanagement.models.ShirtTest" name="testId" time="0.000"/>
  <testcase classname="com.skillstorm.inventorymanagement.models.ShirtTest" name="testHashCode" time="0.000"/>
  <testcase classname="com.skillstorm.inventorymanagement.models.ShirtTest" name="testSize" time="0.001"/>
  <testcase classname="com.skillstorm.inventorymanagement.models.ShirtTest" name="testEqualsWithSelf" time="0.001"/>
  <testcase classname="com.skillstorm.inventorymanagement.models.ShirtTest" name="testEqualsSameObject" time="0.000"/>
  <testcase classname="com.skillstorm.inventorymanagement.models.ShirtTest" name="testDefaultConstructor" time="0.000"/>
  <testcase classname="com.skillstorm.inventorymanagement.models.ShirtTest" name="testEqualsWithNullAndDifferentClass" time="0.001"/>
  <testcase classname="com.skillstorm.inventorymanagement.models.ShirtTest" name="testEqualsDifferentClass" time="0.000"/>
  <testcase classname="com.skillstorm.inventorymanagement.models.ShirtTest" name="testEqualsDifferentWarehouse" time="0.000"/>
  <testcase classname="com.skillstorm.inventorymanagement.models.ShirtTest" name="testEqualsNullObject" time="0.000"/>
  <testcase classname="com.skillstorm.inventorymanagement.models.ShirtTest" name="testEqualsDifferentSize" time="0.002"/>
  <testcase classname="com.skillstorm.inventorymanagement.models.ShirtTest" name="testEqualsDifferentAnimal" time="0.000"/>
  <testcase classname="com.skillstorm.inventorymanagement.models.ShirtTest" name="testHashCodeWithNullValues" time="0.000"/>
  <testcase classname="com.skillstorm.inventorymanagement.models.ShirtTest" name="testToString" time="0.005"/>
</testsuite> <!-- com.skillstorm.inventorymanagement.models.ShirtTest -->
